<?xml version="1.0" encoding="UTF-8"?>
<!-- Generated by org.testng.reporters.JUnitXMLReporter -->
<testsuite ignored="0" hostname="DESKTOP-0HKINFM" failures="0" tests="10" name="Default test" time="4.142" errors="0" timestamp="2023-09-30T17:07:58 IST">
  <testcase classname="org.ictkerala.testcases.TestBase" name="@BeforeMethod configMethod" time="3.83">
    <failure type="org.openqa.selenium.NoSuchWindowException" message="no such window: target window already closed
from unknown error: web view not found
  (Session info: chrome=117.0.5938.92)
Build info: version: &amp;apos;4.12.1&amp;apos;, revision: &amp;apos;8e34639b11&amp;apos;
System info: os.name: &amp;apos;Windows 11&amp;apos;, os.arch: &amp;apos;amd64&amp;apos;, os.version: &amp;apos;10.0&amp;apos;, java.version: &amp;apos;17.0.6&amp;apos;
Driver info: org.openqa.selenium.chrome.ChromeDriver
Command: [8f046d5cb96c8cd83211aeb1c0033a2d, maximizeCurrentWindow {}]
Capabilities {acceptInsecureCerts: false, browserName: chrome, browserVersion: 117.0.5938.92, chrome: {chromedriverVersion: 117.0.5938.92 (67649b10b92b..., userDataDir: C:\Users\Mini\AppData\Local...}, fedcm:accounts: true, goog:chromeOptions: {debuggerAddress: localhost:54427}, networkConnectionEnabled: false, pageLoadStrategy: normal, platformName: windows, proxy: Proxy(), se:cdp: ws://localhost:54427/devtoo..., se:cdpVersion: 117.0.5938.92, setWindowRect: true, strictFileInteractability: false, timeouts: {implicit: 0, pageLoad: 300000, script: 30000}, unhandledPromptBehavior: dismiss and notify, webauthn:extension:credBlob: true, webauthn:extension:largeBlob: true, webauthn:extension:minPinLength: true, webauthn:extension:prf: true, webauthn:virtualAuthenticators: true}
Session ID: 8f046d5cb96c8cd83211aeb1c0033a2d">
      <![CDATA[org.openqa.selenium.NoSuchWindowException: no such window: target window already closed
from unknown error: web view not found
  (Session info: chrome=117.0.5938.92)
Build info: version: '4.12.1', revision: '8e34639b11'
System info: os.name: 'Windows 11', os.arch: 'amd64', os.version: '10.0', java.version: '17.0.6'
Driver info: org.openqa.selenium.chrome.ChromeDriver
Command: [8f046d5cb96c8cd83211aeb1c0033a2d, maximizeCurrentWindow {}]
Capabilities {acceptInsecureCerts: false, browserName: chrome, browserVersion: 117.0.5938.92, chrome: {chromedriverVersion: 117.0.5938.92 (67649b10b92b..., userDataDir: C:\Users\Mini\AppData\Local...}, fedcm:accounts: true, goog:chromeOptions: {debuggerAddress: localhost:54427}, networkConnectionEnabled: false, pageLoadStrategy: normal, platformName: windows, proxy: Proxy(), se:cdp: ws://localhost:54427/devtoo..., se:cdpVersion: 117.0.5938.92, setWindowRect: true, strictFileInteractability: false, timeouts: {implicit: 0, pageLoad: 300000, script: 30000}, unhandledPromptBehavior: dismiss and notify, webauthn:extension:credBlob: true, webauthn:extension:largeBlob: true, webauthn:extension:minPinLength: true, webauthn:extension:prf: true, webauthn:virtualAuthenticators: true}
Session ID: 8f046d5cb96c8cd83211aeb1c0033a2d
at java.base/jdk.internal.reflect.NativeConstructorAccessorImpl.newInstance0(Native Method)
at java.base/jdk.internal.reflect.NativeConstructorAccessorImpl.newInstance(NativeConstructorAccessorImpl.java:77)
at java.base/jdk.internal.reflect.DelegatingConstructorAccessorImpl.newInstance(DelegatingConstructorAccessorImpl.java:45)
at java.base/java.lang.reflect.Constructor.newInstanceWithCaller(Constructor.java:499)
at java.base/java.lang.reflect.Constructor.newInstance(Constructor.java:480)
at org.openqa.selenium.remote.codec.w3c.W3CHttpResponseCodec.createException(W3CHttpResponseCodec.java:200)
at org.openqa.selenium.remote.codec.w3c.W3CHttpResponseCodec.decode(W3CHttpResponseCodec.java:133)
at org.openqa.selenium.remote.codec.w3c.W3CHttpResponseCodec.decode(W3CHttpResponseCodec.java:52)
at org.openqa.selenium.remote.HttpCommandExecutor.execute(HttpCommandExecutor.java:191)
at org.openqa.selenium.remote.service.DriverCommandExecutor.invokeExecute(DriverCommandExecutor.java:196)
at org.openqa.selenium.remote.service.DriverCommandExecutor.execute(DriverCommandExecutor.java:171)
at org.openqa.selenium.remote.RemoteWebDriver.execute(RemoteWebDriver.java:602)
at org.openqa.selenium.remote.RemoteWebDriver.execute(RemoteWebDriver.java:675)
at org.openqa.selenium.remote.RemoteWebDriver.execute(RemoteWebDriver.java:679)
at org.openqa.selenium.remote.RemoteWebDriver$RemoteWebDriverOptions$RemoteWindow.maximize(RemoteWebDriver.java:1062)
at org.ictkerala.testcases.TestBase.configMethod(TestBase.java:42)
at java.base/jdk.internal.reflect.NativeMethodAccessorImpl.invoke0(Native Method)
at java.base/jdk.internal.reflect.NativeMethodAccessorImpl.invoke(NativeMethodAccessorImpl.java:77)
at java.base/jdk.internal.reflect.DelegatingMethodAccessorImpl.invoke(DelegatingMethodAccessorImpl.java:43)
at java.base/java.lang.reflect.Method.invoke(Method.java:568)
at org.testng.internal.invokers.MethodInvocationHelper.invokeMethod(MethodInvocationHelper.java:139)
at org.testng.internal.invokers.MethodInvocationHelper.invokeMethodConsideringTimeout(MethodInvocationHelper.java:69)
at org.testng.internal.invokers.ConfigInvoker.invokeConfigurationMethod(ConfigInvoker.java:390)
at org.testng.internal.invokers.ConfigInvoker.invokeConfigurations(ConfigInvoker.java:325)
at org.testng.internal.invokers.TestInvoker.runConfigMethods(TestInvoker.java:810)
at org.testng.internal.invokers.TestInvoker.invokeMethod(TestInvoker.java:577)
at org.testng.internal.invokers.TestInvoker.invokeTestMethod(TestInvoker.java:227)
at org.testng.internal.invokers.MethodRunner.runInSequence(MethodRunner.java:50)
at org.testng.internal.invokers.TestInvoker$MethodInvocationAgent.invoke(TestInvoker.java:957)
at org.testng.internal.invokers.TestInvoker.invokeTestMethods(TestInvoker.java:200)
at org.testng.internal.invokers.TestMethodWorker.invokeTestMethods(TestMethodWorker.java:148)
at org.testng.internal.invokers.TestMethodWorker.run(TestMethodWorker.java:128)
at java.base/java.util.ArrayList.forEach(ArrayList.java:1511)
at org.testng.TestRunner.privateRun(TestRunner.java:848)
at org.testng.TestRunner.run(TestRunner.java:621)
at org.testng.SuiteRunner.runTest(SuiteRunner.java:443)
at org.testng.SuiteRunner.runSequentially(SuiteRunner.java:437)
at org.testng.SuiteRunner.privateRun(SuiteRunner.java:397)
at org.testng.SuiteRunner.run(SuiteRunner.java:336)
at org.testng.SuiteRunnerWorker.runSuite(SuiteRunnerWorker.java:52)
at org.testng.SuiteRunnerWorker.run(SuiteRunnerWorker.java:95)
at org.testng.TestNG.runSuitesSequentially(TestNG.java:1280)
at org.testng.TestNG.runSuitesLocally(TestNG.java:1200)
at org.testng.TestNG.runSuites(TestNG.java:1114)
at org.testng.TestNG.run(TestNG.java:1082)
at org.testng.remote.AbstractRemoteTestNG.run(AbstractRemoteTestNG.java:115)
at org.testng.remote.RemoteTestNG.initAndRun(RemoteTestNG.java:251)
at org.testng.remote.RemoteTestNG.main(RemoteTestNG.java:77)
]]>
    </failure>
  </testcase> <!-- @BeforeMethod configMethod -->
  <testcase classname="org.ictkerala.testcases.SignUpPageTest" name="@BeforeMethod intitMethod" time="0.0">
    <skipped/>
  </testcase> <!-- @BeforeMethod intitMethod -->
  <testcase classname="org.ictkerala.testcases.TestBase" name="@AfterMethod tearDown" time="0.0">
    <skipped/>
  </testcase> <!-- @AfterMethod tearDown -->
  <testcase classname="org.ictkerala.testcases.TestBase" name="@BeforeMethod configMethod" time="0.0">
    <skipped/>
  </testcase> <!-- @BeforeMethod configMethod -->
  <testcase classname="org.ictkerala.testcases.SignUpPageTest" name="@BeforeMethod intitMethod" time="0.0">
    <skipped/>
  </testcase> <!-- @BeforeMethod intitMethod -->
  <testcase classname="org.ictkerala.testcases.TestBase" name="@AfterMethod tearDown" time="0.0">
    <skipped/>
  </testcase> <!-- @AfterMethod tearDown -->
  <testcase classname="org.ictkerala.testcases.TestBase" name="@BeforeMethod configMethod" time="0.0">
    <skipped/>
  </testcase> <!-- @BeforeMethod configMethod -->
  <testcase classname="org.ictkerala.testcases.SignUpPageTest" name="@BeforeMethod intitMethod" time="0.0">
    <skipped/>
  </testcase> <!-- @BeforeMethod intitMethod -->
  <testcase classname="org.ictkerala.testcases.TestBase" name="@AfterMethod tearDown" time="0.0">
    <skipped/>
  </testcase> <!-- @AfterMethod tearDown -->
  <testcase classname="org.ictkerala.testcases.TestBase" name="@BeforeMethod configMethod" time="0.0">
    <skipped/>
  </testcase> <!-- @BeforeMethod configMethod -->
  <testcase classname="org.ictkerala.testcases.SignUpPageTest" name="@BeforeMethod intitMethod" time="0.0">
    <skipped/>
  </testcase> <!-- @BeforeMethod intitMethod -->
  <testcase classname="org.ictkerala.testcases.TestBase" name="@AfterMethod tearDown" time="0.0">
    <skipped/>
  </testcase> <!-- @AfterMethod tearDown -->
  <testcase classname="org.ictkerala.testcases.TestBase" name="@BeforeMethod configMethod" time="0.0">
    <skipped/>
  </testcase> <!-- @BeforeMethod configMethod -->
  <testcase classname="org.ictkerala.testcases.SignUpPageTest" name="@BeforeMethod intitMethod" time="0.0">
    <skipped/>
  </testcase> <!-- @BeforeMethod intitMethod -->
  <testcase classname="org.ictkerala.testcases.TestBase" name="@AfterMethod tearDown" time="0.0">
    <skipped/>
  </testcase> <!-- @AfterMethod tearDown -->
  <testcase classname="org.ictkerala.testcases.TestBase" name="@BeforeMethod configMethod" time="0.0">
    <skipped/>
  </testcase> <!-- @BeforeMethod configMethod -->
  <testcase classname="org.ictkerala.testcases.SignUpPageTest" name="@BeforeMethod intitMethod" time="0.0">
    <skipped/>
  </testcase> <!-- @BeforeMethod intitMethod -->
  <testcase classname="org.ictkerala.testcases.TestBase" name="@AfterMethod tearDown" time="0.0">
    <skipped/>
  </testcase> <!-- @AfterMethod tearDown -->
  <testcase classname="org.ictkerala.testcases.TestBase" name="@BeforeMethod configMethod" time="0.0">
    <skipped/>
  </testcase> <!-- @BeforeMethod configMethod -->
  <testcase classname="org.ictkerala.testcases.SignUpPageTest" name="@BeforeMethod intitMethod" time="0.0">
    <skipped/>
  </testcase> <!-- @BeforeMethod intitMethod -->
  <testcase classname="org.ictkerala.testcases.TestBase" name="@AfterMethod tearDown" time="0.0">
    <skipped/>
  </testcase> <!-- @AfterMethod tearDown -->
  <testcase classname="org.ictkerala.testcases.TestBase" name="@BeforeMethod configMethod" time="0.0">
    <skipped/>
  </testcase> <!-- @BeforeMethod configMethod -->
  <testcase classname="org.ictkerala.testcases.SignUpPageTest" name="@BeforeMethod intitMethod" time="0.0">
    <skipped/>
  </testcase> <!-- @BeforeMethod intitMethod -->
  <testcase classname="org.ictkerala.testcases.TestBase" name="@AfterMethod tearDown" time="0.0">
    <skipped/>
  </testcase> <!-- @AfterMethod tearDown -->
  <testcase classname="org.ictkerala.testcases.TestBase" name="@BeforeMethod configMethod" time="0.0">
    <skipped/>
  </testcase> <!-- @BeforeMethod configMethod -->
  <testcase classname="org.ictkerala.testcases.SignUpPageTest" name="@BeforeMethod intitMethod" time="0.0">
    <skipped/>
  </testcase> <!-- @BeforeMethod intitMethod -->
  <testcase classname="org.ictkerala.testcases.TestBase" name="@AfterMethod tearDown" time="0.0">
    <skipped/>
  </testcase> <!-- @AfterMethod tearDown -->
  <testcase classname="org.ictkerala.testcases.TestBase" name="@BeforeMethod configMethod" time="0.0">
    <skipped/>
  </testcase> <!-- @BeforeMethod configMethod -->
  <testcase classname="org.ictkerala.testcases.SignUpPageTest" name="@BeforeMethod intitMethod" time="0.0">
    <skipped/>
  </testcase> <!-- @BeforeMethod intitMethod -->
  <testcase classname="org.ictkerala.testcases.TestBase" name="@AfterMethod tearDown" time="0.0">
    <skipped/>
  </testcase> <!-- @AfterMethod tearDown -->
  <testcase classname="org.ictkerala.testcases.SignUpPageTest" name="verifyCrtAcctNowLink" time="0.0">
    <skipped/>
  </testcase> <!-- verifyCrtAcctNowLink -->
  <testcase classname="org.ictkerala.testcases.SignUpPageTest" name="validSignUpTest" time="0.0">
    <skipped/>
  </testcase> <!-- validSignUpTest -->
  <testcase classname="org.ictkerala.testcases.SignUpPageTest" name="blankFieldsTest" time="0.002">
    <skipped/>
  </testcase> <!-- blankFieldsTest -->
  <testcase classname="org.ictkerala.testcases.SignUpPageTest" name="userNonAlph" time="0.0">
    <skipped/>
  </testcase> <!-- userNonAlph -->
  <testcase classname="org.ictkerala.testcases.SignUpPageTest" name="emailInvalidChar" time="0.0">
    <skipped/>
  </testcase> <!-- emailInvalidChar -->
  <testcase classname="org.ictkerala.testcases.SignUpPageTest" name="phoneMoreThan10" time="0.0">
    <skipped/>
  </testcase> <!-- phoneMoreThan10 -->
  <testcase classname="org.ictkerala.testcases.SignUpPageTest" name="phoneLessThan10" time="0.0">
    <skipped/>
  </testcase> <!-- phoneLessThan10 -->
  <testcase classname="org.ictkerala.testcases.SignUpPageTest" name="passLessThan6Char" time="0.0">
    <skipped/>
  </testcase> <!-- passLessThan6Char -->
  <testcase classname="org.ictkerala.testcases.SignUpPageTest" name="phoneNoInvalidChar" time="0.001">
    <skipped/>
  </testcase> <!-- phoneNoInvalidChar -->
  <testcase classname="org.ictkerala.testcases.SignUpPageTest" name="confirmPassNotMatching" time="0.0">
    <skipped/>
  </testcase> <!-- confirmPassNotMatching -->
</testsuite> <!-- Default test -->
