<?xml version="1.0" encoding="UTF-8"?>
<!-- Generated by org.testng.reporters.JUnitXMLReporter -->
<testsuite ignored="0" hostname="DESKTOP-0HKINFM" failures="1" tests="19" name="Test" time="215.509" errors="0" timestamp="2023-09-30T17:12:58 IST">
  <testcase classname="org.ictkerala.testcases.FacDashbdPageTest" name="SearchEditReqt" time="4.218"/>
  <testcase classname="org.ictkerala.testcases.LoginPageTest" name="admValidLogin" time="0.989"/>
  <testcase classname="org.ictkerala.testcases.LoginPageTest" name="admValEmailInvalPass" time="1.217"/>
  <testcase classname="org.ictkerala.testcases.LoginPageTest" name="admLogout" time="0.988"/>
  <testcase classname="org.ictkerala.testcases.LoginPageTest" name="facValidLogin" time="1.303"/>
  <testcase classname="org.ictkerala.testcases.LoginPageTest" name="facValEmailInvalPass" time="1.078"/>
  <testcase classname="org.ictkerala.testcases.LoginPageTest" name="facLogout" time="1.22"/>
  <testcase classname="org.ictkerala.testcases.AdmDashbdPageTest" name="verifyCreateReqt" time="3.983"/>
  <testcase classname="org.ictkerala.testcases.AdmDashbdPageTest" name="apprCurrlm" time="1.397"/>
  <testcase classname="org.ictkerala.testcases.SignUpPageTest" name="verifyCrtAcctNowLink" time="0.009"/>
  <testcase classname="org.ictkerala.testcases.SignUpPageTest" name="validSignUpTest" time="1.08"/>
  <testcase classname="org.ictkerala.testcases.SignUpPageTest" name="blankFieldsTest" time="0.756"/>
  <testcase classname="org.ictkerala.testcases.SignUpPageTest" name="userNonAlph" time="0.906">
    <failure type="java.lang.AssertionError" message="expected [Name is required and should contain only alphabets] but found []">
      <![CDATA[java.lang.AssertionError: expected [Name is required and should contain only alphabets] but found []
at org.ictkerala.testcases.SignUpPageTest.userNonAlph(SignUpPageTest.java:75)
at java.base/java.util.ArrayList.forEach(ArrayList.java:1511)
... Removed 33 stack frames]]>
    </failure>
  </testcase> <!-- userNonAlph -->
  <testcase classname="org.ictkerala.testcases.SignUpPageTest" name="emailInvalidChar" time="0.808"/>
  <testcase classname="org.ictkerala.testcases.SignUpPageTest" name="phoneMoreThan10" time="0.815"/>
  <testcase classname="org.ictkerala.testcases.SignUpPageTest" name="phoneLessThan10" time="0.864"/>
  <testcase classname="org.ictkerala.testcases.SignUpPageTest" name="passLessThan6Char" time="0.909"/>
  <testcase classname="org.ictkerala.testcases.SignUpPageTest" name="phoneNoInvalidChar" time="0.88"/>
  <testcase classname="org.ictkerala.testcases.SignUpPageTest" name="confirmPassNotMatching" time="0.859"/>
</testsuite> <!-- Test -->
