<html>
<head>
<title>TestNG:  Test</title>
<link href="../testng.css" rel="stylesheet" type="text/css" />
<link href="../my-testng.css" rel="stylesheet" type="text/css" />

<style type="text/css">
.log { display: none;} 
.stack-trace { display: none;} 
</style>
<script type="text/javascript">
<!--
function flip(e) {
  current = e.style.display;
  if (current == 'block') {
    e.style.display = 'none';
    return 0;
  }
  else {
    e.style.display = 'block';
    return 1;
  }
}

function toggleBox(szDivId, elem, msg1, msg2)
{
  var res = -1;  if (document.getElementById) {
    res = flip(document.getElementById(szDivId));
  }
  else if (document.all) {
    // this is the way old msie versions work
    res = flip(document.all[szDivId]);
  }
  if(elem) {
    if(res == 0) elem.innerHTML = msg1; else elem.innerHTML = msg2;
  }

}

function toggleAllBoxes() {
  if (document.getElementsByTagName) {
    d = document.getElementsByTagName('div');
    for (i = 0; i < d.length; i++) {
      if (d[i].className == 'log') {
        flip(d[i]);
      }
    }
  }
}

// -->
</script>

</head>
<body>
<h2 align='center'>Test</h2><table border='1' align="center">
<tr>
<td>Tests passed/Failed/Skipped:</td><td>18/1/0</td>
</tr><tr>
<td>Started on:</td><td>Sat Sep 30 17:09:22 IST 2023</td>
</tr>
<tr><td>Total time:</td><td>215 seconds (215509 ms)</td>
</tr><tr>
<td>Included groups:</td><td></td>
</tr><tr>
<td>Excluded groups:</td><td></td>
</tr>
</table><p/>
<small><i>(Hover the method name to see the test class name)</i></small><p/>
<table width='100%' border='1' class='invocation-failed'>
<tr><td colspan='4' align='center'><b>FAILED TESTS</b></td></tr>
<tr><td><b>Test method</b></td>
<td><b>Attribute(s)</b></td>
<td width="30%"><b>Exception</b></td>
<td width="10%"><b>Time (seconds)</b></td>
<td><b>Instance</b></td>
</tr>
<tr>
<td title='org.ictkerala.testcases.SignUpPageTest.userNonAlph()'><b>userNonAlph</b><br>Test class: org.ictkerala.testcases.SignUpPageTest<br>Test method: user name has non alphabets</td>
<td><div><pre>java.lang.AssertionError: expected [Name is required and should contain only alphabets] but found []
	at org.ictkerala.testcases.SignUpPageTest.userNonAlph(SignUpPageTest.java:75)
	at java.base/java.util.ArrayList.forEach(ArrayList.java:1511)
... Removed 33 stack frames</pre></div><a href='#' onClick='toggleBox("stack-trace824781215", this, "Click to show all stack frames", "Click to hide stack frames")'>Click to show all stack frames</a>
<div class='stack-trace' id='stack-trace824781215'><pre>java.lang.AssertionError: expected [Name is required and should contain only alphabets] but found []
	at org.testng.Assert.fail(Assert.java:111)
	at org.testng.Assert.failNotEquals(Assert.java:1578)
	at org.testng.Assert.assertEqualsImpl(Assert.java:150)
	at org.testng.Assert.assertEquals(Assert.java:132)
	at org.testng.Assert.assertEquals(Assert.java:656)
	at org.testng.Assert.assertEquals(Assert.java:666)
	at org.ictkerala.testcases.SignUpPageTest.userNonAlph(SignUpPageTest.java:75)
	at java.base/jdk.internal.reflect.NativeMethodAccessorImpl.invoke0(Native Method)
	at java.base/jdk.internal.reflect.NativeMethodAccessorImpl.invoke(NativeMethodAccessorImpl.java:77)
	at java.base/jdk.internal.reflect.DelegatingMethodAccessorImpl.invoke(DelegatingMethodAccessorImpl.java:43)
	at java.base/java.lang.reflect.Method.invoke(Method.java:568)
	at org.testng.internal.invokers.MethodInvocationHelper.invokeMethod(MethodInvocationHelper.java:139)
	at org.testng.internal.invokers.TestInvoker.invokeMethod(TestInvoker.java:664)
	at org.testng.internal.invokers.TestInvoker.invokeTestMethod(TestInvoker.java:227)
	at org.testng.internal.invokers.MethodRunner.runInSequence(MethodRunner.java:50)
	at org.testng.internal.invokers.TestInvoker$MethodInvocationAgent.invoke(TestInvoker.java:957)
	at org.testng.internal.invokers.TestInvoker.invokeTestMethods(TestInvoker.java:200)
	at org.testng.internal.invokers.TestMethodWorker.invokeTestMethods(TestMethodWorker.java:148)
	at org.testng.internal.invokers.TestMethodWorker.run(TestMethodWorker.java:128)
	at java.base/java.util.ArrayList.forEach(ArrayList.java:1511)
	at org.testng.TestRunner.privateRun(TestRunner.java:848)
	at org.testng.TestRunner.run(TestRunner.java:621)
	at org.testng.SuiteRunner.runTest(SuiteRunner.java:443)
	at org.testng.SuiteRunner.runSequentially(SuiteRunner.java:437)
	at org.testng.SuiteRunner.privateRun(SuiteRunner.java:397)
	at org.testng.SuiteRunner.run(SuiteRunner.java:336)
	at org.testng.SuiteRunnerWorker.runSuite(SuiteRunnerWorker.java:52)
	at org.testng.SuiteRunnerWorker.run(SuiteRunnerWorker.java:95)
	at org.testng.TestNG.runSuitesSequentially(TestNG.java:1280)
	at org.testng.TestNG.runSuitesLocally(TestNG.java:1200)
	at org.testng.TestNG.runSuites(TestNG.java:1114)
	at org.testng.TestNG.run(TestNG.java:1082)
	at org.testng.remote.AbstractRemoteTestNG.run(AbstractRemoteTestNG.java:115)
	at org.testng.remote.RemoteTestNG.initAndRun(RemoteTestNG.java:251)
	at org.testng.remote.RemoteTestNG.main(RemoteTestNG.java:77)
</pre></div></td>
<td>0</td>
<td>org.ictkerala.testcases.SignUpPageTest@dd05255</td></tr>
</table><p>
<table width='100%' border='1' class='invocation-passed'>
<tr><td colspan='4' align='center'><b>PASSED TESTS</b></td></tr>
<tr><td><b>Test method</b></td>
<td><b>Attribute(s)</b></td>
<td width="30%"><b>Exception</b></td>
<td width="10%"><b>Time (seconds)</b></td>
<td><b>Instance</b></td>
</tr>
<tr>
<td title='org.ictkerala.testcases.SignUpPageTest.phoneLessThan10()'><b>phoneLessThan10</b><br>Test class: org.ictkerala.testcases.SignUpPageTest<br>Test method: phone number less than 10 digits</td>
<td></td>
<td>0</td>
<td>org.ictkerala.testcases.SignUpPageTest@dd05255</td></tr>
<tr>
<td title='org.ictkerala.testcases.AdmDashbdPageTest.verifyCreateReqt()'><b>verifyCreateReqt</b><br>Test class: org.ictkerala.testcases.AdmDashbdPageTest<br>Test method: verify Create requirement functionality</td>
<td></td>
<td>3</td>
<td>org.ictkerala.testcases.AdmDashbdPageTest@7e6f74c</td></tr>
<tr>
<td title='org.ictkerala.testcases.AdmDashbdPageTest.apprCurrlm()'><b>apprCurrlm</b><br>Test class: org.ictkerala.testcases.AdmDashbdPageTest<br>Test method: approve pending curriculum </td>
<td></td>
<td>1</td>
<td>org.ictkerala.testcases.AdmDashbdPageTest@7e6f74c</td></tr>
<tr>
<td title='org.ictkerala.testcases.LoginPageTest.admValidLogin()'><b>admValidLogin</b><br>Test class: org.ictkerala.testcases.LoginPageTest<br>Test method: admin valid login</td>
<td></td>
<td>0</td>
<td>org.ictkerala.testcases.LoginPageTest@44c03695</td></tr>
<tr>
<td title='org.ictkerala.testcases.LoginPageTest.facValidLogin()'><b>facValidLogin</b><br>Test class: org.ictkerala.testcases.LoginPageTest<br>Test method: faculty valid login</td>
<td></td>
<td>1</td>
<td>org.ictkerala.testcases.LoginPageTest@44c03695</td></tr>
<tr>
<td title='org.ictkerala.testcases.SignUpPageTest.phoneMoreThan10()'><b>phoneMoreThan10</b><br>Test class: org.ictkerala.testcases.SignUpPageTest<br>Test method: phone number greater than 10 digits</td>
<td></td>
<td>0</td>
<td>org.ictkerala.testcases.SignUpPageTest@dd05255</td></tr>
<tr>
<td title='org.ictkerala.testcases.SignUpPageTest.phoneNoInvalidChar()'><b>phoneNoInvalidChar</b><br>Test class: org.ictkerala.testcases.SignUpPageTest<br>Test method: phone number invalid characters</td>
<td></td>
<td>0</td>
<td>org.ictkerala.testcases.SignUpPageTest@dd05255</td></tr>
<tr>
<td title='org.ictkerala.testcases.SignUpPageTest.emailInvalidChar()'><b>emailInvalidChar</b><br>Test class: org.ictkerala.testcases.SignUpPageTest<br>Test method: email invalid</td>
<td></td>
<td>0</td>
<td>org.ictkerala.testcases.SignUpPageTest@dd05255</td></tr>
<tr>
<td title='org.ictkerala.testcases.SignUpPageTest.confirmPassNotMatching()'><b>confirmPassNotMatching</b><br>Test class: org.ictkerala.testcases.SignUpPageTest<br>Test method: confirm password different</td>
<td></td>
<td>0</td>
<td>org.ictkerala.testcases.SignUpPageTest@dd05255</td></tr>
<tr>
<td title='org.ictkerala.testcases.LoginPageTest.facLogout()'><b>facLogout</b><br>Test class: org.ictkerala.testcases.LoginPageTest<br>Test method: faculty logout</td>
<td></td>
<td>1</td>
<td>org.ictkerala.testcases.LoginPageTest@44c03695</td></tr>
<tr>
<td title='org.ictkerala.testcases.LoginPageTest.admLogout()'><b>admLogout</b><br>Test class: org.ictkerala.testcases.LoginPageTest<br>Test method: admin logout</td>
<td></td>
<td>0</td>
<td>org.ictkerala.testcases.LoginPageTest@44c03695</td></tr>
<tr>
<td title='org.ictkerala.testcases.SignUpPageTest.blankFieldsTest()'><b>blankFieldsTest</b><br>Test class: org.ictkerala.testcases.SignUpPageTest<br>Test method: create faculty account with blank fields</td>
<td></td>
<td>0</td>
<td>org.ictkerala.testcases.SignUpPageTest@dd05255</td></tr>
<tr>
<td title='org.ictkerala.testcases.LoginPageTest.admValEmailInvalPass()'><b>admValEmailInvalPass</b><br>Test class: org.ictkerala.testcases.LoginPageTest<br>Test method: admin valid email/invalid password</td>
<td></td>
<td>1</td>
<td>org.ictkerala.testcases.LoginPageTest@44c03695</td></tr>
<tr>
<td title='org.ictkerala.testcases.LoginPageTest.facValEmailInvalPass()'><b>facValEmailInvalPass</b><br>Test class: org.ictkerala.testcases.LoginPageTest<br>Test method: faculty valid email/invalid password</td>
<td></td>
<td>1</td>
<td>org.ictkerala.testcases.LoginPageTest@44c03695</td></tr>
<tr>
<td title='org.ictkerala.testcases.SignUpPageTest.verifyCrtAcctNowLink()'><b>verifyCrtAcctNowLink</b><br>Test class: org.ictkerala.testcases.SignUpPageTest<br>Test method: verify faculty Create Account link</td>
<td></td>
<td>0</td>
<td>org.ictkerala.testcases.SignUpPageTest@dd05255</td></tr>
<tr>
<td title='org.ictkerala.testcases.SignUpPageTest.passLessThan6Char()'><b>passLessThan6Char</b><br>Test class: org.ictkerala.testcases.SignUpPageTest<br>Test method: password invalid</td>
<td></td>
<td>0</td>
<td>org.ictkerala.testcases.SignUpPageTest@dd05255</td></tr>
<tr>
<td title='org.ictkerala.testcases.FacDashbdPageTest.SearchEditReqt()'><b>SearchEditReqt</b><br>Test class: org.ictkerala.testcases.FacDashbdPageTest<br>Test method: verify search functionality</td>
<td></td>
<td>4</td>
<td>org.ictkerala.testcases.FacDashbdPageTest@22555ebf</td></tr>
<tr>
<td title='org.ictkerala.testcases.SignUpPageTest.validSignUpTest()'><b>validSignUpTest</b><br>Test class: org.ictkerala.testcases.SignUpPageTest<br>Test method: create faculty account with valid data</td>
<td></td>
<td>1</td>
<td>org.ictkerala.testcases.SignUpPageTest@dd05255</td></tr>
</table><p>
</body>
</html>